This is pdfTeX, Version 3.1415926-2.3-1.40.12 (TeX Live 2011) (format=latex 2012.8.15)  20 AUG 2012 12:59
entering extended mode
 restricted \write18 enabled.
 %&-line parsing enabled.
**sp_bias_v4
(./sp_bias_v4.tex
LaTeX2e <2009/09/24>
Babel <v3.8l> and hyphenation patterns for english, dumylang, nohyphenation, lo
aded.
(/usr/share/texmf-dist/tex/latex/base/article.cls
Document Class: article 2007/10/19 v1.4h Standard LaTeX document class
(/usr/share/texmf-dist/tex/latex/base/size10.clo
File: size10.clo 2007/10/19 v1.4h Standard LaTeX file (size option)
)
\c@part=\count79
\c@section=\count80
\c@subsection=\count81
\c@subsubsection=\count82
\c@paragraph=\count83
\c@subparagraph=\count84
\c@figure=\count85
\c@table=\count86
\abovecaptionskip=\skip41
\belowcaptionskip=\skip42
\bibindent=\dimen102
)
(/usr/share/texmf-dist/tex/latex/amsmath/amsmath.sty
Package: amsmath 2000/07/18 v2.13 AMS math features
\@mathmargin=\skip43

For additional information on amsmath, use the `?' option.
(/usr/share/texmf-dist/tex/latex/amsmath/amstext.sty
Package: amstext 2000/06/29 v2.01

(/usr/share/texmf-dist/tex/latex/amsmath/amsgen.sty
File: amsgen.sty 1999/11/30 v2.0
\@emptytoks=\toks14
\ex@=\dimen103
))
(/usr/share/texmf-dist/tex/latex/amsmath/amsbsy.sty
Package: amsbsy 1999/11/29 v1.2d
\pmbraise@=\dimen104
)
(/usr/share/texmf-dist/tex/latex/amsmath/amsopn.sty
Package: amsopn 1999/12/14 v2.01 operator names
)
\inf@bad=\count87
LaTeX Info: Redefining \frac on input line 211.
\uproot@=\count88
\leftroot@=\count89
LaTeX Info: Redefining \overline on input line 307.
\classnum@=\count90
\DOTSCASE@=\count91
LaTeX Info: Redefining \ldots on input line 379.
LaTeX Info: Redefining \dots on input line 382.
LaTeX Info: Redefining \cdots on input line 467.
\Mathstrutbox@=\box26
\strutbox@=\box27
\big@size=\dimen105
LaTeX Font Info:    Redeclaring font encoding OML on input line 567.
LaTeX Font Info:    Redeclaring font encoding OMS on input line 568.
\macc@depth=\count92
\c@MaxMatrixCols=\count93
\dotsspace@=\muskip10
\c@parentequation=\count94
\dspbrk@lvl=\count95
\tag@help=\toks15
\row@=\count96
\column@=\count97
\maxfields@=\count98
\andhelp@=\toks16
\eqnshift@=\dimen106
\alignsep@=\dimen107
\tagshift@=\dimen108
\tagwidth@=\dimen109
\totwidth@=\dimen110
\lineht@=\dimen111
\@envbody=\toks17
\multlinegap=\skip44
\multlinetaggap=\skip45
\mathdisplay@stack=\toks18
LaTeX Info: Redefining \[ on input line 2666.
LaTeX Info: Redefining \] on input line 2667.
)
(/usr/share/texmf-dist/tex/latex/amsfonts/amssymb.sty
Package: amssymb 2009/06/22 v3.00

(/usr/share/texmf-dist/tex/latex/amsfonts/amsfonts.sty
Package: amsfonts 2009/06/22 v3.00 Basic AMSFonts support
\symAMSa=\mathgroup4
\symAMSb=\mathgroup5
LaTeX Font Info:    Overwriting math alphabet `\mathfrak' in version `bold'
(Font)                  U/euf/m/n --> U/euf/b/n on input line 96.
))
(/usr/share/texmf-dist/tex/latex/graphics/graphicx.sty
Package: graphicx 1999/02/16 v1.0f Enhanced LaTeX Graphics (DPC,SPQR)

(/usr/share/texmf-dist/tex/latex/graphics/keyval.sty
Package: keyval 1999/03/16 v1.13 key=value parser (DPC)
\KV@toks@=\toks19
)
(/usr/share/texmf-dist/tex/latex/graphics/graphics.sty
Package: graphics 2009/02/05 v1.0o Standard LaTeX Graphics (DPC,SPQR)

(/usr/share/texmf-dist/tex/latex/graphics/trig.sty
Package: trig 1999/03/16 v1.09 sin cos tan (DPC)
)
(/usr/share/texmf-dist/tex/latex/latexconfig/graphics.cfg
File: graphics.cfg 2010/04/23 v1.9 graphics configuration of TeX Live
)
Package graphics Info: Driver file: dvips.def on input line 91.

(/usr/share/texmf-dist/tex/latex/graphics/dvips.def
File: dvips.def 1999/02/16 v3.0i Driver-dependant file (DPC,SPQR)
))
\Gin@req@height=\dimen112
\Gin@req@width=\dimen113
)
(/usr/share/texmf-dist/tex/latex/cite/cite.sty
LaTeX Info: Redefining \cite on input line 302.
LaTeX Info: Redefining \nocite on input line 373.
Package: cite 2010/09/10  v 5.3
)
(/usr/share/texmf-dist/tex/latex/graphics/color.sty
Package: color 2005/11/14 v1.0j Standard LaTeX Color (DPC)

(/usr/share/texmf-dist/tex/latex/latexconfig/color.cfg
File: color.cfg 2007/01/18 v1.5 color configuration of teTeX/TeXLive
)
Package color Info: Driver file: dvips.def on input line 130.

(/usr/share/texmf-dist/tex/latex/graphics/dvipsnam.def
File: dvipsnam.def 1999/02/16 v3.0i Driver-dependant file (DPC,SPQR)
))
(/usr/share/texmf-dist/tex/latex/caption/caption.sty
Package: caption 2010/01/09 v3.1m Customizing captions (AR)

(/usr/share/texmf-dist/tex/latex/caption/caption3.sty
Package: caption3 2010/01/14 v3.1m caption3 kernel (AR)
\captionmargin=\dimen114
\captionmargin@=\dimen115
\captionwidth=\dimen116
\caption@indent=\dimen117
\caption@parindent=\dimen118
\caption@hangindent=\dimen119
)
\c@ContinuedFloat=\count99
) (./sp_bias_v4.aux)
\openout1 = `sp_bias_v4.aux'.

LaTeX Font Info:    Checking defaults for OML/cmm/m/it on input line 64.
LaTeX Font Info:    ... okay on input line 64.
LaTeX Font Info:    Checking defaults for T1/cmr/m/n on input line 64.
LaTeX Font Info:    ... okay on input line 64.
LaTeX Font Info:    Checking defaults for OT1/cmr/m/n on input line 64.
LaTeX Font Info:    ... okay on input line 64.
LaTeX Font Info:    Checking defaults for OMS/cmsy/m/n on input line 64.
LaTeX Font Info:    ... okay on input line 64.
LaTeX Font Info:    Checking defaults for OMX/cmex/m/n on input line 64.
LaTeX Font Info:    ... okay on input line 64.
LaTeX Font Info:    Checking defaults for U/cmr/m/n on input line 64.
LaTeX Font Info:    ... okay on input line 64.
Package caption Info: Begin \AtBeginDocument code.
Package caption Info: End \AtBeginDocument code.

! Undefined control sequence.
l.87 \address
             {%
? 
! Undefined control sequence.
l.88     \iid
             (1)Department of Bioengineering and Therapeutic Sciences, Unive...

? 
! Undefined control sequence.
<recently read> \iid 
                     
l.89     \iid
             (2)Department of Microbiology, Miami University, Oxford, OH USA\\
? 
! Undefined control sequence.
<recently read> \iid 
                     
l.90     \iid
             (3)Department of Computer Science and Software Engineering , Mi...

? 
LaTeX Font Info:    Try loading font information for U+msa on input line 99.
(/usr/share/texmf-dist/tex/latex/amsfonts/umsa.fd
File: umsa.fd 2009/06/22 v3.00 AMS symbols A
)
LaTeX Font Info:    Try loading font information for U+msb on input line 99.

(/usr/share/texmf-dist/tex/latex/amsfonts/umsb.fd
File: umsb.fd 2009/06/22 v3.00 AMS symbols B
)

! LaTeX Error: \begin{document} ended by \end{abstract}.

See the LaTeX manual or LaTeX Companion for explanation.
Type  H <return>  for immediate help.
 ...                                              
                                                  
l.130 \end{abstract}
                    
? 
! Extra \endgroup.
<recently read> \endgroup 
                          
l.130 \end{abstract}
                    
? 

LaTeX Warning: Citation `Friedberg' on page 1 undefined on input line 139.


LaTeX Warning: Citation `Orengo' on page 1 undefined on input line 139.


LaTeX Warning: Citation `PMID22443932' on page 1 undefined on input line 141.


LaTeX Warning: Citation `gersteinpaperPMID21867570' on page 1 undefined on inpu
t line 145.


LaTeX Warning: Citation `schnoespaper?cafapaper?Friedberg2006Orengo2011' on pag
e 1 undefined on input line 147.


LaTeX Warning: Citation `U-GOAref' on page 1 undefined on input line 149.


LaTeX Warning: Citation `GOref' on page 1 undefined on input line 152.


LaTeX Warning: Citation `swissprotref' on page 1 undefined on input line 157.


LaTeX Warning: Citation `Schnoes2009' on page 1 undefined on input line 157.

[1

]

LaTeX Warning: Citation `Uniprot-GOA' on page 2 undefined on input line 189.


LaTeX Warning: Citation `BLAST' on page 2 undefined on input line 191.


LaTeX Warning: Reference `fig:papers-prots' on page 2 undefined on input line 2
19.

[2]

LaTeX Warning: Reference `fig:papers-prots' on page 3 undefined on input line 2
21.


LaTeX Warning: Reference `tab:cohorts' on page 3 undefined on input line 231.


LaTeX Warning: Reference `table:top-papers' on page 3 undefined on input line 2
44.


LaTeX Warning: Reference `fig:rel-contrib' on page 3 undefined on input line 25
8.


LaTeX Warning: Reference `tab:prop-bias' on page 3 undefined on input line 272.



LaTeX Warning: Citation `CD_HIT' on page 3 undefined on input line 282.


LaTeX Warning: Reference `fig:dreamcatcher' on page 3 undefined on input line 2
87.


LaTeX Warning: Reference `tab:dreamcatcher' on page 3 undefined on input line 2
88.

[3]

LaTeX Warning: Citation `lord-semsim' on page 4 undefined on input line 311.


LaTeX Warning: Reference `fig:go-depth' on page 4 undefined on input line 319.


LaTeX Warning: Reference `tab:go-depth' on page 4 undefined on input line 320.


LaTeX Warning: Reference `tab:cohorts' on page 4 undefined on input line 326.


LaTeX Warning: Reference `fig:annotation-ratio' on page 4 undefined on input li
ne 340.


LaTeX Warning: Citation `PMID:11121744' on page 4 undefined on input line 355.

[4]

LaTeX Warning: Citation `PMID:17417969' on page 5 undefined on input line 360.

No file sp_bias_v4.bbl.
[5] (./sp_bias_v4.aux)

LaTeX Warning: There were undefined references.

 ) 
Here is how much of TeX's memory you used:
 2650 strings out of 50071
 37159 string characters out of 432827
 103930 words of memory out of 1100000
 5835 multiletter control sequences out of 15000+15000
 7915 words of font info for 30 fonts, out of 400000 for 9000
 14 hyphenation exceptions out of 8191
 36i,5n,38p,222b,151s stack positions out of 1500i,500n,1500p,200000b,5000s

Output written on sp_bias_v4.dvi (5 pages, 24528 bytes).
