This is pdfTeX, Version 3.1415926-2.3-1.40.12 (TeX Live 2011) (format=latex 2012.10.27)  7 DEC 2012 13:54
entering extended mode
 restricted \write18 enabled.
 %&-line parsing enabled.
**sp_bias_v5
(./sp_bias_v5.tex
LaTeX2e <2009/09/24>
Babel <v3.8l> and hyphenation patterns for english, dumylang, nohyphenation, lo
aded.
(/usr/share/texmf-dist/tex/latex/base/article.cls
Document Class: article 2007/10/19 v1.4h Standard LaTeX document class
(/usr/share/texmf-dist/tex/latex/base/size12.clo
File: size12.clo 2007/10/19 v1.4h Standard LaTeX file (size option)
)
\c@part=\count79
\c@section=\count80
\c@subsection=\count81
\c@subsubsection=\count82
\c@paragraph=\count83
\c@subparagraph=\count84
\c@figure=\count85
\c@table=\count86
\abovecaptionskip=\skip41
\belowcaptionskip=\skip42
\bibindent=\dimen102
)
(/usr/share/texmf-dist/tex/latex/tools/longtable.sty
Package: longtable 2004/02/01 v4.11 Multi-page Table package (DPC)
\LTleft=\skip43
\LTright=\skip44
\LTpre=\skip45
\LTpost=\skip46
\LTchunksize=\count87
\LTcapwidth=\dimen103
\LT@head=\box26
\LT@firsthead=\box27
\LT@foot=\box28
\LT@lastfoot=\box29
\LT@cols=\count88
\LT@rows=\count89
\c@LT@tables=\count90
\c@LT@chunks=\count91
\LT@p@ftn=\toks14
)
(/usr/share/texmf-dist/tex/latex/amsmath/amsmath.sty
Package: amsmath 2000/07/18 v2.13 AMS math features
\@mathmargin=\skip47

For additional information on amsmath, use the `?' option.
(/usr/share/texmf-dist/tex/latex/amsmath/amstext.sty
Package: amstext 2000/06/29 v2.01

(/usr/share/texmf-dist/tex/latex/amsmath/amsgen.sty
File: amsgen.sty 1999/11/30 v2.0
\@emptytoks=\toks15
\ex@=\dimen104
))
(/usr/share/texmf-dist/tex/latex/amsmath/amsbsy.sty
Package: amsbsy 1999/11/29 v1.2d
\pmbraise@=\dimen105
)
(/usr/share/texmf-dist/tex/latex/amsmath/amsopn.sty
Package: amsopn 1999/12/14 v2.01 operator names
)
\inf@bad=\count92
LaTeX Info: Redefining \frac on input line 211.
\uproot@=\count93
\leftroot@=\count94
LaTeX Info: Redefining \overline on input line 307.
\classnum@=\count95
\DOTSCASE@=\count96
LaTeX Info: Redefining \ldots on input line 379.
LaTeX Info: Redefining \dots on input line 382.
LaTeX Info: Redefining \cdots on input line 467.
\Mathstrutbox@=\box30
\strutbox@=\box31
\big@size=\dimen106
LaTeX Font Info:    Redeclaring font encoding OML on input line 567.
LaTeX Font Info:    Redeclaring font encoding OMS on input line 568.
\macc@depth=\count97
\c@MaxMatrixCols=\count98
\dotsspace@=\muskip10
\c@parentequation=\count99
\dspbrk@lvl=\count100
\tag@help=\toks16
\row@=\count101
\column@=\count102
\maxfields@=\count103
\andhelp@=\toks17
\eqnshift@=\dimen107
\alignsep@=\dimen108
\tagshift@=\dimen109
\tagwidth@=\dimen110
\totwidth@=\dimen111
\lineht@=\dimen112
\@envbody=\toks18
\multlinegap=\skip48
\multlinetaggap=\skip49
\mathdisplay@stack=\toks19
LaTeX Info: Redefining \[ on input line 2666.
LaTeX Info: Redefining \] on input line 2667.
)
(/usr/share/texmf-dist/tex/latex/amsfonts/amssymb.sty
Package: amssymb 2009/06/22 v3.00

(/usr/share/texmf-dist/tex/latex/amsfonts/amsfonts.sty
Package: amsfonts 2009/06/22 v3.00 Basic AMSFonts support
\symAMSa=\mathgroup4
\symAMSb=\mathgroup5
LaTeX Font Info:    Overwriting math alphabet `\mathfrak' in version `bold'
(Font)                  U/euf/m/n --> U/euf/b/n on input line 96.
))
(/usr/share/texmf-dist/tex/latex/graphics/graphicx.sty
Package: graphicx 1999/02/16 v1.0f Enhanced LaTeX Graphics (DPC,SPQR)

(/usr/share/texmf-dist/tex/latex/graphics/keyval.sty
Package: keyval 1999/03/16 v1.13 key=value parser (DPC)
\KV@toks@=\toks20
)
(/usr/share/texmf-dist/tex/latex/graphics/graphics.sty
Package: graphics 2009/02/05 v1.0o Standard LaTeX Graphics (DPC,SPQR)

(/usr/share/texmf-dist/tex/latex/graphics/trig.sty
Package: trig 1999/03/16 v1.09 sin cos tan (DPC)
)
(/usr/share/texmf-dist/tex/latex/latexconfig/graphics.cfg
File: graphics.cfg 2010/04/23 v1.9 graphics configuration of TeX Live
)
Package graphics Info: Driver file: dvips.def on input line 91.

(/usr/share/texmf-dist/tex/latex/graphics/dvips.def
File: dvips.def 1999/02/16 v3.0i Driver-dependant file (DPC,SPQR)
))
\Gin@req@height=\dimen113
\Gin@req@width=\dimen114
)
(/usr/share/texmf-dist/tex/latex/cite/cite.sty
LaTeX Info: Redefining \cite on input line 302.
LaTeX Info: Redefining \nocite on input line 373.
Package: cite 2010/09/10  v 5.3
)
(/usr/share/texmf-dist/tex/latex/graphics/color.sty
Package: color 2005/11/14 v1.0j Standard LaTeX Color (DPC)

(/usr/share/texmf-dist/tex/latex/latexconfig/color.cfg
File: color.cfg 2007/01/18 v1.5 color configuration of teTeX/TeXLive
)
Package color Info: Driver file: dvips.def on input line 130.

(/usr/share/texmf-dist/tex/latex/graphics/dvipsnam.def
File: dvipsnam.def 1999/02/16 v3.0i Driver-dependant file (DPC,SPQR)
))
(/usr/share/texmf-dist/tex/latex/setspace/setspace.sty
Package: setspace 2000/12/01 6.7 Contributed and Supported LaTeX2e package

Package: `setspace' 6.7 <2000/12/01>
) (/usr/share/texmf-dist/tex/latex/lineno/lineno.sty
Package: lineno 2005/11/02 line numbers on paragraphs v4.41
\linenopenalty=\count104
\output=\toks21
\linenoprevgraf=\count105
\linenumbersep=\dimen115
\linenumberwidth=\dimen116
\c@linenumber=\count106
\c@pagewiselinenumber=\count107
\c@LN@truepage=\count108
\c@internallinenumber=\count109
\c@internallinenumbers=\count110
\quotelinenumbersep=\dimen117
\bframerule=\dimen118
\bframesep=\dimen119
\bframebox=\box32
LaTeX Info: Redefining \\ on input line 3056.
)
(/usr/share/texmf-dist/tex/latex/caption/caption.sty
Package: caption 2010/01/09 v3.1m Customizing captions (AR)

(/usr/share/texmf-dist/tex/latex/caption/caption3.sty
Package: caption3 2010/01/14 v3.1m caption3 kernel (AR)
\captionmargin=\dimen120
\captionmargin@=\dimen121
\captionwidth=\dimen122
\caption@indent=\dimen123
\caption@parindent=\dimen124
\caption@hangindent=\dimen125
)
\c@ContinuedFloat=\count111
Package caption Info: longtable package is loaded.

(/usr/share/texmf-dist/tex/latex/caption/ltcaption.sty
Package: ltcaption 2008/03/28 v1.2 longtable captions (AR)
)) (./sp_bias_v5.aux)
\openout1 = `sp_bias_v5.aux'.

LaTeX Font Info:    Checking defaults for OML/cmm/m/it on input line 70.
LaTeX Font Info:    ... okay on input line 70.
LaTeX Font Info:    Checking defaults for T1/cmr/m/n on input line 70.
LaTeX Font Info:    ... okay on input line 70.
LaTeX Font Info:    Checking defaults for OT1/cmr/m/n on input line 70.
LaTeX Font Info:    ... okay on input line 70.
LaTeX Font Info:    Checking defaults for OMS/cmsy/m/n on input line 70.
LaTeX Font Info:    ... okay on input line 70.
LaTeX Font Info:    Checking defaults for OMX/cmex/m/n on input line 70.
LaTeX Font Info:    ... okay on input line 70.
LaTeX Font Info:    Checking defaults for U/cmr/m/n on input line 70.
LaTeX Font Info:    ... okay on input line 70.
Package caption Info: Begin \AtBeginDocument code.
Package caption Info: End \AtBeginDocument code.
LaTeX Font Info:    Try loading font information for U+msa on input line 117.

(/usr/share/texmf-dist/tex/latex/amsfonts/umsa.fd
File: umsa.fd 2009/06/22 v3.00 AMS symbols A
)
LaTeX Font Info:    Try loading font information for U+msb on input line 117.

(/usr/share/texmf-dist/tex/latex/amsfonts/umsb.fd
File: umsb.fd 2009/06/22 v3.00 AMS symbols B
)
Overfull \hbox (24.36562pt too wide) in paragraph at lines 124--134
 \OT1/cmr/bx/n/12 Back-ground: \OT1/cmr/m/n/12 Com-pu-ta-tional pro-tein func-t
ion pre-dic-tion pro-grams rely upon well-annotated
 []

[1

] [2] [3] [4] [5] [6] [7] [8]
Overfull \hbox (2.00537pt too wide) in paragraph at lines 369--371
[]\OT1/cmr/m/n/12 For ex-am-ple, the pro-tein ``Oleate ac-ti-vated tran-scrip-t
ion fac-tor 3'' (UniPro-tID: P36023)
 []

[9] [10] [11] [12] [13] [14] [15] [16] [17] [18] (./sp_bias_v5.bbl
Missing character: There is no å in font cmr12!
 [19]
[20] [21] [22] [23] [24] [25] [26]) [27]
File: articles-prots.eps Graphic file (type eps)
 <articles-prots.eps> [28]
File: dreamcatcher1.eps Graphic file (type eps)

<dreamcatcher1.eps>
Overfull \hbox (50.64592pt too wide) in paragraph at lines 728--729
 [] 
 []

[29]
File: rel-contrib.eps Graphic file (type eps)
 <rel-contrib.eps> [30]
File: boxplots-IC.eps Graphic file (type eps)
 <boxplots-IC.eps>
File: boxplots-GOdepth.eps Graphic file (type eps)
 <boxplots-GOdepth.eps>

LaTeX Warning: Float too large for page by 120.08052pt on input line 769.

[31] (./table-top50-withspecies.tex [32

] [33]) [34]
Underfull \hbox (badness 1281) in paragraph at lines 796--796
[]\OT1/cmr/bx/n/12 Number of an-no-tat-ing
 []


Underfull \hbox (badness 2980) in paragraph at lines 798--798
[]\OT1/cmr/bx/n/12 Percent of an-no-tat-ing
 []

[35]
Underfull \hbox (badness 10000) in paragraph at lines 813--813
[]\OT1/cmr/bx/n/12 num.
 []


Underfull \hbox (badness 10000) in paragraph at lines 813--813
[]\OT1/cmr/bx/n/12 num.
 []


Underfull \hbox (badness 10000) in paragraph at lines 813--813
[]\OT1/cmr/bx/n/12 Clusters
 []


Underfull \hbox (badness 10000) in paragraph at lines 814--816
[]\OT1/cmr/bx/n/12 Mean
 []


Underfull \hbox (badness 10000) in paragraph at lines 814--816
\OT1/cmr/bx/n/12 genes/
 []

[36]
Underfull \hbox (badness 10000) in paragraph at lines 856--856
[]\OT1/cmr/bx/n/12 num
 []


Underfull \hbox (badness 10000) in paragraph at lines 856--857
[]\OT1/cmr/bx/n/12 num
 []


Overfull \hbox (11.82315pt too wide) in paragraph at lines 852--875
[][] 
 []

[37] (./table-assertion.tex [38] [39]) [40] (./pmid_eco.tex
Underfull \hbox (badness 10000) in paragraph at lines 20--21
[]|\OT1/cmr/m/n/12 ECO:0000160 ECO:0000004 ECO:0000250
 []


Underfull \hbox (badness 10000) in paragraph at lines 20--21
\OT1/cmr/m/n/12 ECO:0000028 ECO:0000081 ECO:0000083
 []


Underfull \hbox (badness 10000) in paragraph at lines 22--22
[]|\OT1/cmr/m/n/12 ECO:0000019 ECO:0000315 ECO:0000031
 []


Underfull \hbox (badness 10000) in paragraph at lines 23--23
[]|\OT1/cmr/m/n/12 ECO:0000160 ECO:0000019 ECO:0000004
 []


Underfull \hbox (badness 10000) in paragraph at lines 23--23
\OT1/cmr/m/n/12 ECO:0000112 ECO:0000249 ECO:0000315
 []


Underfull \hbox (badness 10000) in paragraph at lines 24--24
[]|\OT1/cmr/m/n/12 ECO:0000160 ECO:0000126 ECO:0000010
 []


Underfull \hbox (badness 10000) in paragraph at lines 25--25
[]|\OT1/cmr/m/n/12 ECO:0000015 ECO:0000092 ECO:0000007
 []


Underfull \hbox (badness 10000) in paragraph at lines 27--27
[]|\OT1/cmr/m/n/12 ECO:0000315 ECO:0000015 ECO:0000097
 []


Underfull \hbox (badness 10000) in paragraph at lines 28--28
[]|\OT1/cmr/m/n/12 ECO:0000160 ECO:0000126 ECO:0000081
 []


Underfull \hbox (badness 10000) in paragraph at lines 30--30
[]|\OT1/cmr/m/n/12 ECO:0000019 ECO:0000315 ECO:0000250
 []


Underfull \hbox (badness 10000) in paragraph at lines 31--31
[]|\OT1/cmr/m/n/12 ECO:0000208 ECO:0000160 ECO:0000249
 []


Underfull \hbox (badness 10000) in paragraph at lines 32--32
[]|\OT1/cmr/m/n/12 ECO:0000053 ECO:0000249 ECO:0000028
 []


Underfull \hbox (badness 10000) in paragraph at lines 33--33
[]|\OT1/cmr/m/n/12 ECO:0000019 ECO:0000315 ECO:0000053
 []


Underfull \hbox (badness 10000) in paragraph at lines 36--36
[]|\OT1/cmr/m/n/12 ECO:0000160 ECO:0000249 ECO:0000106
 []


Underfull \hbox (badness 10000) in paragraph at lines 40--40
[]|\OT1/cmr/m/n/12 ECO:0000160 ECO:0000004 ECO:0000053
 []


Underfull \hbox (badness 10000) in paragraph at lines 42--42
[]|\OT1/cmr/m/n/12 ECO:0000249 ECO:0000028 ECO:0000160
 []


Underfull \hbox (badness 10000) in paragraph at lines 44--44
[]|\OT1/cmr/m/n/12 ECO:0000160 ECO:0000004 ECO:0000112
 []


Underfull \hbox (badness 10000) in paragraph at lines 45--45
[]|\OT1/cmr/m/n/12 ECO:0000160 ECO:0000004 ECO:0000249
 []


Underfull \hbox (badness 10000) in paragraph at lines 46--46
[]|\OT1/cmr/m/n/12 ECO:0000053 ECO:0000249 ECO:0000028
 []


Underfull \hbox (badness 10000) in paragraph at lines 47--47
[]|\OT1/cmr/m/n/12 ECO:0000053 ECO:0000160 ECO:0000004
 []


Underfull \hbox (badness 10000) in paragraph at lines 48--48
[]|\OT1/cmr/m/n/12 ECO:0000160 ECO:0000004 ECO:0000245
 []


Underfull \hbox (badness 10000) in paragraph at lines 49--49
[]|\OT1/cmr/m/n/12 ECO:0000160 ECO:0000004 ECO:0000028
 []


Underfull \hbox (badness 10000) in paragraph at lines 49--49
\OT1/cmr/m/n/12 ECO:0000053 ECO:0000287 ECO:0000044
 []


Underfull \hbox (badness 10000) in paragraph at lines 51--51
[]|\OT1/cmr/m/n/12 ECO:0000160 ECO:0000004 ECO:0000249
 []


Underfull \hbox (badness 10000) in paragraph at lines 52--52
[]|\OT1/cmr/m/n/12 ECO:0000160 ECO:0000249 ECO:0000112
 []


Underfull \hbox (badness 10000) in paragraph at lines 53--53
[]|\OT1/cmr/m/n/12 ECO:0000128 ECO:0000112 ECO:0000122
 []


Underfull \hbox (badness 10000) in paragraph at lines 54--54
[]|\OT1/cmr/m/n/12 ECO:0000160 ECO:0000249 ECO:0000112
 []

[41]
Underfull \hbox (badness 10000) in paragraph at lines 59--59
[]|\OT1/cmr/m/n/12 ECO:0000160 ECO:0000004 ECO:0000249
 []


Underfull \hbox (badness 10000) in paragraph at lines 62--62
[]|\OT1/cmr/m/n/12 ECO:0000160 ECO:0000249 ECO:0000081
 []


Underfull \hbox (badness 10000) in paragraph at lines 62--62
\OT1/cmr/m/n/12 ECO:0000028 ECO:0000083 ECO:0000053
 []


Underfull \hbox (badness 10000) in paragraph at lines 63--63
[]|\OT1/cmr/m/n/12 ECO:0000053 ECO:0000160 ECO:0000004
 []


Underfull \hbox (badness 10000) in paragraph at lines 63--63
\OT1/cmr/m/n/12 ECO:0000249 ECO:0000028 ECO:0000083
 []


Underfull \hbox (badness 10000) in paragraph at lines 64--64
[]|\OT1/cmr/m/n/12 ECO:0000160 ECO:0000004 ECO:0000250
 []


Underfull \hbox (badness 10000) in paragraph at lines 67--67
[]|\OT1/cmr/m/n/12 ECO:0000160 ECO:0000004 ECO:0000249
 []

[42] [43]) [44] (./sp_bias_v5.aux) ) 
Here is how much of TeX's memory you used:
 3173 strings out of 50071
 44592 string characters out of 432826
 149370 words of memory out of 1100000
 6257 multiletter control sequences out of 15000+15000
 10802 words of font info for 40 fonts, out of 400000 for 9000
 14 hyphenation exceptions out of 8191
 36i,10n,42p,912b,360s stack positions out of 1500i,500n,1500p,200000b,5000s

Output written on sp_bias_v5.dvi (44 pages, 148700 bytes).
